<?xml version="1.0" encoding="UTF-8"?>
<robot generator="Robot 7.4.2 (Python 3.14.3 on win32)" generated="2026-04-11T14:53:55.926762" rpa="false" schemaversion="5">
<suite id="s1" name="QAx Mobile" source="C:\QAx_Mobile">
<suite id="s1-s1" name="Projects" source="C:\QAx_Mobile\projects">
<suite id="s1-s1-s1" name="Yodapp-Robot" source="C:\QAx_Mobile\projects\yodapp-robot">
<suite id="s1-s1-s1-s1" name="Tests" source="C:\QAx_Mobile\projects\yodapp-robot\tests">
<suite id="s1-s1-s1-s1-s1" name="Click" source="C:\QAx_Mobile\projects\yodapp-robot\tests\click.robot">
<test id="s1-s1-s1-s1-s1-t1" name="Deve realizar um clique simples" line="7">
<kw name="Open Application" owner="AppiumLibrary">
<kw name="Capture Page Screenshot" owner="AppiumLibrary">
<msg time="2026-04-11T14:53:58.506221" level="FAIL">No application is open</msg>
<doc>Takes a screenshot of the current page and embeds it into the log.</doc>
<status status="FAIL" start="2026-04-11T14:53:58.505852" elapsed="0.007868">No application is open</status>
</kw>
<msg time="2026-04-11T14:53:58.514391" level="WARN">Keyword 'Capture Page Screenshot' could not be run on failure: No application is open</msg>
<msg time="2026-04-11T14:53:58.519723" level="FAIL">WebDriverException: Message: The application at 'C:\QAx_Mobile/app/yodapp-beta.apk' does not exist or is not accessible
Stacktrace:
UnknownError: The application at 'C:\QAx_Mobile/app/yodapp-beta.apk' does not exist or is not accessible
    at getResponseForW3CError (C:\Users\dougl\AppData\Roaming\npm\node_modules\appium\node_modules\@appium\base-driver\lib\protocol\errors.ts:1103:34)
    at asyncHandler (C:\Users\dougl\AppData\Roaming\npm\node_modules\appium\node_modules\@appium\base-driver\lib\protocol\protocol.ts:536:57)
The above error is caused by
Error: The application at 'C:\QAx_Mobile/app/yodapp-beta.apk' does not exist or is not accessible
    at C:\Users\dougl\AppData\Roaming\npm\node_modules\appium\node_modules\@appium\base-driver\lib\basedriver\helpers.ts:222:13</msg>
<arg>http://localhost:4723</arg>
<arg>platformName=Android</arg>
<arg>deviceName=Android Emulator</arg>
<arg>automationName=UiAutomator2</arg>
<arg>app=${EXECDIR}/app/yodapp-beta.apk</arg>
<arg>udid=emulator-5554</arg>
<arg>autoGrantPermissions=true</arg>
<doc>Opens a new application to the given Appium server.
Capabilities of appium server, Android and iOS,
Please check https://appium.io/docs/en/2.19/guides/caps/
| *Option*            | *Man.* | *Description*     |
| remote_url          | Yes    | Appium server url |
| alias               | No     | alias             |</doc>
<status status="FAIL" start="2026-04-11T14:53:56.171841" elapsed="2.352911">WebDriverException: Message: The application at 'C:\QAx_Mobile/app/yodapp-beta.apk' does not exist or is not accessible
Stacktrace:
UnknownError: The application at 'C:\QAx_Mobile/app/yodapp-beta.apk' does not exist or is not accessible
    at getResponseForW3CError (C:\Users\dougl\AppData\Roaming\npm\node_modules\appium\node_modules\@appium\base-driver\lib\protocol\errors.ts:1103:34)
    at asyncHandler (C:\Users\dougl\AppData\Roaming\npm\node_modules\appium\node_modules\@appium\base-driver\lib\protocol\protocol.ts:536:57)
The above error is caused by
Error: The application at 'C:\QAx_Mobile/app/yodapp-beta.apk' does not exist or is not accessible
    at C:\Users\dougl\AppData\Roaming\npm\node_modules\appium\node_modules\@appium\base-driver\lib\basedriver\helpers.ts:222:13</status>
</kw>
<kw name="Wait Until Page Contains" owner="AppiumLibrary">
<arg>QAX</arg>
<doc>Waits until the ``text`` appears on the current page.</doc>
<status status="NOT RUN" start="2026-04-11T14:53:58.525051" elapsed="0.000145"/>
</kw>
<kw name="Click Text" owner="AppiumLibrary">
<arg>QAX</arg>
<doc>Clicks the text identified by ``text``.</doc>
<status status="NOT RUN" start="2026-04-11T14:53:58.525385" elapsed="0.000112"/>
</kw>
<kw name="Sleep" owner="BuiltIn">
<arg>5</arg>
<doc>Pauses the test executed for the given time.</doc>
<status status="NOT RUN" start="2026-04-11T14:53:58.525650" elapsed="0.000099"/>
</kw>
<kw name="Close Application" owner="AppiumLibrary">
<doc>Closes the current application and the webdriver session.</doc>
<status status="NOT RUN" start="2026-04-11T14:53:58.525887" elapsed="0.000093"/>
</kw>
<status status="FAIL" start="2026-04-11T14:53:56.167850" elapsed="2.358332">WebDriverException: Message: The application at 'C:\QAx_Mobile/app/yodapp-beta.apk' does not exist or is not accessible
Stacktrace:
UnknownError: The application at 'C:\QAx_Mobile/app/yodapp-beta.apk' does not exist or is not accessible
    at getResponseForW3CError (C:\Users\dougl\AppData\Roaming\npm\node_modules\appium\node_modules\@appium\base-driver\lib\protocol\errors.ts:1103:34)
    at asyncHandler (C:\Users\dougl\AppData\Roaming\npm\node_modules\appium\node_modules\@appium\base-driver\lib\protocol\protocol.ts:536:57)
The above error is caused by
Error: The application at 'C:\QAx_Mobile/app/yodapp-beta.apk' does not exist or is not accessible
    at C:\Users\dougl\AppData\Roaming\npm\node_modules\appium\node_modules\@appium\base-driver\lib\basedriver\helpers.ts:222:13</status>
</test>
<status status="FAIL" start="2026-04-11T14:53:55.983595" elapsed="2.550538"/>
</suite>
<status status="FAIL" start="2026-04-11T14:53:55.980091" elapsed="2.557408"/>
</suite>
<status status="FAIL" start="2026-04-11T14:53:55.976896" elapsed="2.578687"/>
</suite>
<status status="FAIL" start="2026-04-11T14:53:55.973172" elapsed="2.633222"/>
</suite>
<status status="FAIL" start="2026-04-11T14:53:55.942871" elapsed="2.666280"/>
</suite>
<statistics>
<total>
<stat pass="0" fail="1" skip="0">All Tests</stat>
</total>
<tag>
</tag>
<suite>
<stat name="QAx Mobile" id="s1" pass="0" fail="1" skip="0">QAx Mobile</stat>
<stat name="Projects" id="s1-s1" pass="0" fail="1" skip="0">QAx Mobile.Projects</stat>
<stat name="Yodapp-Robot" id="s1-s1-s1" pass="0" fail="1" skip="0">QAx Mobile.Projects.Yodapp-Robot</stat>
<stat name="Tests" id="s1-s1-s1-s1" pass="0" fail="1" skip="0">QAx Mobile.Projects.Yodapp-Robot.Tests</stat>
<stat name="Click" id="s1-s1-s1-s1-s1" pass="0" fail="1" skip="0">QAx Mobile.Projects.Yodapp-Robot.Tests.Click</stat>
</suite>
</statistics>
<errors>
<msg time="2026-04-11T14:53:58.514391" level="WARN">Keyword 'Capture Page Screenshot' could not be run on failure: No application is open</msg>
</errors>
</robot>
