<?xml version="1.0" encoding="UTF-8"?>
<robot generator="Robot 7.4.2 (Python 3.14.3 on win32)" generated="2026-04-12T14:55:24.757806" rpa="false" schemaversion="5">
<suite id="s1" name="Checkbox" source="C:\QAx_Mobile\projects\yodapp-robot\tests\checkbox.robot">
<test id="s1-t1" name="Deve marcas as techs que usam appium" line="11">
<kw name="Start session" owner="base" type="SETUP">
<kw name="Open Application" owner="AppiumLibrary">
<arg>http://localhost:4723</arg>
<arg>platformName=Android</arg>
<arg>deviceName=Android Emulator</arg>
<arg>automationName=UiAutomator2</arg>
<arg>app=${EXECDIR}/app/yodapp-beta.apk</arg>
<arg>udid=emulator-5554</arg>
<arg>autoGrantPermissions=true</arg>
<doc>Opens a new application to the given Appium server.
Capabilities of appium server, Android and iOS,
Please check https://appium.io/docs/en/2.19/guides/caps/
| *Option*            | *Man.* | *Description*     |
| remote_url          | Yes    | Appium server url |
| alias               | No     | alias             |</doc>
<status status="PASS" start="2026-04-12T14:55:24.977177" elapsed="8.061843"/>
</kw>
<status status="PASS" start="2026-04-12T14:55:24.976755" elapsed="8.062373"/>
</kw>
<kw name="Get started" owner="base">
<kw name="Wait Until Page Contains" owner="AppiumLibrary">
<arg>${START}</arg>
<arg>5</arg>
<doc>Waits until the ``text`` appears on the current page.</doc>
<status status="PASS" start="2026-04-12T14:55:33.039610" elapsed="5.208250"/>
</kw>
<kw name="Click Text" owner="AppiumLibrary">
<msg time="2026-04-12T14:55:42.800382" level="INFO">xpath criteria: //*[contains(@text,"QAX")]</msg>
<arg>${START}</arg>
<doc>Clicks the text identified by ``text``.</doc>
<status status="PASS" start="2026-04-12T14:55:38.248010" elapsed="4.552446"/>
</kw>
<status status="PASS" start="2026-04-12T14:55:33.039389" elapsed="9.761133"/>
</kw>
<kw name="Navigate to" owner="base">
<kw name="Set Variable" owner="BuiltIn">
<msg time="2026-04-12T14:55:42.801202" level="INFO">${hamburguer} = xpath=//android.widget.ImageButton[@content-desc="Open navigation drawer"]</msg>
<var>${hamburguer}</var>
<arg>xpath=//android.widget.ImageButton[@content-desc="Open navigation drawer"]</arg>
<doc>Returns the given values which can then be assigned to a variables.</doc>
<status status="PASS" start="2026-04-12T14:55:42.800960" elapsed="0.000267"/>
</kw>
<kw name="Wait Until Element Is Visible" owner="AppiumLibrary">
<msg time="2026-04-12T14:55:46.958071" level="INFO">xpath criteria: //android.widget.ImageButton[@content-desc="Open navigation drawer"]</msg>
<arg>${hamburguer}</arg>
<arg>5</arg>
<doc>Waits until the element specified by the ``locator`` is visible.</doc>
<status status="PASS" start="2026-04-12T14:55:42.801296" elapsed="4.156885"/>
</kw>
<kw name="Click Element" owner="AppiumLibrary">
<msg time="2026-04-12T14:55:46.959047" level="INFO">Clicking element 'xpath=//android.widget.ImageButton[@content-desc="Open navigation drawer"]'.</msg>
<msg time="2026-04-12T14:55:51.148017" level="INFO">xpath criteria: //android.widget.ImageButton[@content-desc="Open navigation drawer"]</msg>
<arg>${hamburguer}</arg>
<doc>Clicks the element identified by ``locator``.</doc>
<status status="PASS" start="2026-04-12T14:55:46.958344" elapsed="4.189738"/>
</kw>
<kw name="Set Variable" owner="BuiltIn">
<msg time="2026-04-12T14:55:51.148493" level="INFO">${menu_item} = xpath=//*[@resource-id="com.qaxperience.yodapp:id/navView"]//*[@text="Check e Radio"]</msg>
<var>${menu_item}</var>
<arg>xpath=//*[@resource-id="com.qaxperience.yodapp:id/navView"]//*[@text="${item_text}"]</arg>
<doc>Returns the given values which can then be assigned to a variables.</doc>
<status status="PASS" start="2026-04-12T14:55:51.148188" elapsed="0.000330"/>
</kw>
<kw name="Wait Until Element Is Visible" owner="AppiumLibrary">
<msg time="2026-04-12T14:55:55.327096" level="INFO">xpath criteria: //*[@resource-id="com.qaxperience.yodapp:id/navView"]//*[@text="Check e Radio"]</msg>
<arg>${menu_item}</arg>
<arg>5</arg>
<doc>Waits until the element specified by the ``locator`` is visible.</doc>
<status status="PASS" start="2026-04-12T14:55:51.148597" elapsed="4.178572"/>
</kw>
<kw name="Click Element" owner="AppiumLibrary">
<msg time="2026-04-12T14:55:55.327981" level="INFO">Clicking element 'xpath=//*[@resource-id="com.qaxperience.yodapp:id/navView"]//*[@text="Check e Radio"]'.</msg>
<msg time="2026-04-12T14:56:00.467151" level="INFO">xpath criteria: //*[@resource-id="com.qaxperience.yodapp:id/navView"]//*[@text="Check e Radio"]</msg>
<arg>${menu_item}</arg>
<doc>Clicks the element identified by ``locator``.</doc>
<status status="PASS" start="2026-04-12T14:55:55.327328" elapsed="5.139877"/>
</kw>
<arg>Check e Radio</arg>
<status status="PASS" start="2026-04-12T14:55:42.800753" elapsed="17.666533"/>
</kw>
<kw name="Go to item" owner="base">
<kw name="Wait Until Page Contains" owner="AppiumLibrary">
<arg>${item}</arg>
<arg>5</arg>
<doc>Waits until the ``text`` appears on the current page.</doc>
<status status="PASS" start="2026-04-12T14:56:00.467979" elapsed="2.070481"/>
</kw>
<kw name="Click Text" owner="AppiumLibrary">
<msg time="2026-04-12T14:56:07.923398" level="INFO">xpath criteria: //*[contains(@text,"Checkbox")]</msg>
<arg>${item}</arg>
<doc>Clicks the text identified by ``text``.</doc>
<status status="PASS" start="2026-04-12T14:56:02.538585" elapsed="5.384868"/>
</kw>
<kw name="Wait Until Page Contains" owner="AppiumLibrary">
<arg>${checkpoint}</arg>
<doc>Waits until the ``text`` appears on the current page.</doc>
<status status="PASS" start="2026-04-12T14:56:07.923618" elapsed="2.089826"/>
</kw>
<arg>Checkbox</arg>
<arg>Marque as techs que usam Appium</arg>
<status status="PASS" start="2026-04-12T14:56:00.467566" elapsed="9.545959"/>
</kw>
<kw name="Create List" owner="BuiltIn">
<msg time="2026-04-12T14:56:10.014038" level="INFO">@{techs} = [ Ruby | Python | Java | Javascript | C# | Robot Framework ]</msg>
<var>@{techs}</var>
<arg>Ruby</arg>
<arg>Python</arg>
<arg>Java</arg>
<arg>Javascript</arg>
<arg>C#</arg>
<arg>Robot Framework</arg>
<doc>Returns a list containing given items.</doc>
<status status="PASS" start="2026-04-12T14:56:10.013797" elapsed="0.000260"/>
</kw>
<for flavor="IN">
<iter>
<kw name="Click Element" owner="AppiumLibrary">
<msg time="2026-04-12T14:56:10.014928" level="INFO">Clicking element 'xpath=//android.widget.CheckBox[contains(@text, "Ruby")]'.</msg>
<msg time="2026-04-12T14:56:14.218386" level="INFO">xpath criteria: //android.widget.CheckBox[contains(@text, "Ruby")]</msg>
<arg>xpath=//android.widget.CheckBox[contains(@text, "${tech}")]</arg>
<doc>Clicks the element identified by ``locator``.</doc>
<status status="PASS" start="2026-04-12T14:56:10.014367" elapsed="4.204084"/>
</kw>
<kw name="Sleep" owner="BuiltIn">
<msg time="2026-04-12T14:56:17.218916" level="INFO">Slept 3 seconds.</msg>
<arg>3</arg>
<doc>Pauses the test executed for the given time.</doc>
<status status="PASS" start="2026-04-12T14:56:14.218553" elapsed="3.000435"/>
</kw>
<var name="${tech}">Ruby</var>
<status status="PASS" start="2026-04-12T14:56:10.014315" elapsed="7.204707"/>
</iter>
<iter>
<kw name="Click Element" owner="AppiumLibrary">
<msg time="2026-04-12T14:56:17.219806" level="INFO">Clicking element 'xpath=//android.widget.CheckBox[contains(@text, "Python")]'.</msg>
<msg time="2026-04-12T14:56:21.437655" level="INFO">xpath criteria: //android.widget.CheckBox[contains(@text, "Python")]</msg>
<arg>xpath=//android.widget.CheckBox[contains(@text, "${tech}")]</arg>
<doc>Clicks the element identified by ``locator``.</doc>
<status status="PASS" start="2026-04-12T14:56:17.219189" elapsed="4.218524"/>
</kw>
<kw name="Sleep" owner="BuiltIn">
<msg time="2026-04-12T14:56:24.438594" level="INFO">Slept 3 seconds.</msg>
<arg>3</arg>
<doc>Pauses the test executed for the given time.</doc>
<status status="PASS" start="2026-04-12T14:56:21.437843" elapsed="3.000823"/>
</kw>
<var name="${tech}">Python</var>
<status status="PASS" start="2026-04-12T14:56:17.219121" elapsed="7.219584"/>
</iter>
<iter>
<kw name="Click Element" owner="AppiumLibrary">
<msg time="2026-04-12T14:56:24.439475" level="INFO">Clicking element 'xpath=//android.widget.CheckBox[contains(@text, "Java")]'.</msg>
<msg time="2026-04-12T14:56:28.667090" level="INFO">xpath criteria: //android.widget.CheckBox[contains(@text, "Java")]</msg>
<arg>xpath=//android.widget.CheckBox[contains(@text, "${tech}")]</arg>
<doc>Clicks the element identified by ``locator``.</doc>
<status status="PASS" start="2026-04-12T14:56:24.438888" elapsed="4.228263"/>
</kw>
<kw name="Sleep" owner="BuiltIn">
<msg time="2026-04-12T14:56:31.667852" level="INFO">Slept 3 seconds.</msg>
<arg>3</arg>
<doc>Pauses the test executed for the given time.</doc>
<status status="PASS" start="2026-04-12T14:56:28.667251" elapsed="3.000670"/>
</kw>
<var name="${tech}">Java</var>
<status status="PASS" start="2026-04-12T14:56:24.438823" elapsed="7.229133"/>
</iter>
<iter>
<kw name="Click Element" owner="AppiumLibrary">
<msg time="2026-04-12T14:56:31.668674" level="INFO">Clicking element 'xpath=//android.widget.CheckBox[contains(@text, "Javascript")]'.</msg>
<msg time="2026-04-12T14:56:35.885412" level="INFO">xpath criteria: //android.widget.CheckBox[contains(@text, "Javascript")]</msg>
<arg>xpath=//android.widget.CheckBox[contains(@text, "${tech}")]</arg>
<doc>Clicks the element identified by ``locator``.</doc>
<status status="PASS" start="2026-04-12T14:56:31.668110" elapsed="4.217366"/>
</kw>
<kw name="Sleep" owner="BuiltIn">
<msg time="2026-04-12T14:56:38.886204" level="INFO">Slept 3 seconds.</msg>
<arg>3</arg>
<doc>Pauses the test executed for the given time.</doc>
<status status="PASS" start="2026-04-12T14:56:35.885585" elapsed="3.000690"/>
</kw>
<var name="${tech}">Javascript</var>
<status status="PASS" start="2026-04-12T14:56:31.668045" elapsed="7.218266"/>
</iter>
<iter>
<kw name="Click Element" owner="AppiumLibrary">
<msg time="2026-04-12T14:56:38.887024" level="INFO">Clicking element 'xpath=//android.widget.CheckBox[contains(@text, "C#")]'.</msg>
<msg time="2026-04-12T14:56:43.084845" level="INFO">xpath criteria: //android.widget.CheckBox[contains(@text, "C#")]</msg>
<arg>xpath=//android.widget.CheckBox[contains(@text, "${tech}")]</arg>
<doc>Clicks the element identified by ``locator``.</doc>
<status status="PASS" start="2026-04-12T14:56:38.886460" elapsed="4.198451"/>
</kw>
<kw name="Sleep" owner="BuiltIn">
<msg time="2026-04-12T14:56:46.085492" level="INFO">Slept 3 seconds.</msg>
<arg>3</arg>
<doc>Pauses the test executed for the given time.</doc>
<status status="PASS" start="2026-04-12T14:56:43.085041" elapsed="3.000579"/>
</kw>
<var name="${tech}">C#</var>
<status status="PASS" start="2026-04-12T14:56:38.886397" elapsed="7.199261"/>
</iter>
<iter>
<kw name="Click Element" owner="AppiumLibrary">
<msg time="2026-04-12T14:56:46.086580" level="INFO">Clicking element 'xpath=//android.widget.CheckBox[contains(@text, "Robot Framework")]'.</msg>
<msg time="2026-04-12T14:56:50.287494" level="INFO">xpath criteria: //android.widget.CheckBox[contains(@text, "Robot Framework")]</msg>
<arg>xpath=//android.widget.CheckBox[contains(@text, "${tech}")]</arg>
<doc>Clicks the element identified by ``locator``.</doc>
<status status="PASS" start="2026-04-12T14:56:46.085859" elapsed="4.201694"/>
</kw>
<kw name="Sleep" owner="BuiltIn">
<msg time="2026-04-12T14:56:53.288450" level="INFO">Slept 3 seconds.</msg>
<arg>3</arg>
<doc>Pauses the test executed for the given time.</doc>
<status status="PASS" start="2026-04-12T14:56:50.287659" elapsed="3.000862"/>
</kw>
<var name="${tech}">Robot Framework</var>
<status status="PASS" start="2026-04-12T14:56:46.085791" elapsed="7.202763"/>
</iter>
<var>${tech}</var>
<value>@{techs}</value>
<status status="PASS" start="2026-04-12T14:56:10.014201" elapsed="43.274377"/>
</for>
<kw name="Sleep" owner="BuiltIn">
<msg time="2026-04-12T14:56:56.289202" level="INFO">Slept 3 seconds.</msg>
<arg>3</arg>
<doc>Pauses the test executed for the given time.</doc>
<status status="PASS" start="2026-04-12T14:56:53.288861" elapsed="3.000418"/>
</kw>
<kw name="Close session" owner="base" type="TEARDOWN">
<kw name="Close Application" owner="AppiumLibrary">
<doc>Closes the current application and the webdriver session.</doc>
<status status="PASS" start="2026-04-12T14:56:56.289929" elapsed="2.437795"/>
</kw>
<status status="PASS" start="2026-04-12T14:56:56.289713" elapsed="2.438084"/>
</kw>
<status status="PASS" start="2026-04-12T14:55:24.976165" elapsed="93.751736"/>
</test>
<status status="PASS" start="2026-04-12T14:55:24.759057" elapsed="93.969618"/>
</suite>
<statistics>
<total>
<stat pass="1" fail="0" skip="0">All Tests</stat>
</total>
<tag>
</tag>
<suite>
<stat name="Checkbox" id="s1" pass="1" fail="0" skip="0">Checkbox</stat>
</suite>
</statistics>
<errors>
</errors>
</robot>
